\BOOKMARK [1][-]{section.1}{Introduction}{}% 1
\BOOKMARK [1][-]{section.2}{Background}{}% 2
\BOOKMARK [2][-]{subsection.2.1}{Quantum Mechanics}{section.2}% 3
\BOOKMARK [3][-]{subsubsection.2.1.1}{The Path Integral}{subsection.2.1}% 4
\BOOKMARK [3][-]{subsubsection.2.1.2}{Connecting to Statistical Physics}{subsection.2.1}% 5
\BOOKMARK [1][-]{section.3}{Methods}{}% 6
\BOOKMARK [2][-]{subsection.3.1}{Monte Carlo Methods}{section.3}% 7
\BOOKMARK [2][-]{subsection.3.2}{Hybrid Monte Carlo}{section.3}% 8
\BOOKMARK [3][-]{subsubsection.3.2.1}{Hamiltonian Dynamics}{subsection.3.2}% 9
\BOOKMARK [3][-]{subsubsection.3.2.2}{Sampling and the Hamiltonian}{subsection.3.2}% 10
\BOOKMARK [3][-]{subsubsection.3.2.3}{Steps of the HMC Algorithm}{subsection.3.2}% 11
\BOOKMARK [2][-]{subsection.3.3}{Data Analysis}{section.3}% 12
\BOOKMARK [1][-]{section.4}{Results and Discussion}{}% 13
\BOOKMARK [2][-]{subsection.4.1}{Quantum Oscillators}{section.4}% 14
\BOOKMARK [3][-]{subsubsection.4.1.1}{Quantum Harmonic Oscillator}{subsection.4.1}% 15
\BOOKMARK [3][-]{subsubsection.4.1.2}{Quantum Anharmonic Oscillator}{subsection.4.1}% 16
\BOOKMARK [3][-]{subsubsection.4.1.3}{Isolated Modes}{subsection.4.1}% 17
\BOOKMARK [2][-]{subsection.4.2}{Accelerated Dynamics \(Tempering\)}{section.4}% 18
\BOOKMARK [1][-]{section.5}{Conclusion}{}% 19
\BOOKMARK [1][-]{section*.36}{Appendices}{}% 20
\BOOKMARK [1][-]{appendix.A}{Quantum Virial Theorem}{}% 21
\BOOKMARK [1][-]{appendix.B}{Derivation of the discrete path integral for quantum harmonic oscillator}{}% 22
